2024-12-04 14:00:04,099 - Namespace(bs=32, clip_grad_value=0, clusters=12, dataset='PEMS08', device='cuda', dropout=0.1, horizon=12, input_dim=3, lrate=0.001, max_epochs=100, mode='train', model_name='staeformer', output_dim=1, patience=30, seed=2023, seq_len=12, target='', wdecay=0.0001, years='2016')
2024-12-04 14:00:04,100 - Adj path: /data/ym/ST-OOD-main/data/PEMS08/adj.npy
2024-12-04 14:00:04,237 - Data shape: (35712, 170, 3)
2024-12-04 14:00:04,372 - Sample num: 10706, Batch num: 334
2024-12-04 14:00:04,548 - Sample num: 3569, Batch num: 111
2024-12-04 14:00:04,823 - Sample num: 3569, Batch num: 111
2024-12-04 14:00:05,097 - Sample num: 3569, Batch num: 111
2024-12-04 14:00:05,337 - The number of parameters: 1247964
2024-12-04 14:00:05,337 - Start training!
2024-12-04 14:00:35,766 - Epoch: 001, Train Loss: 25.5999, Train RMSE: 37.6489, Train MAPE: 0.2204, Valid Loss: 18.2598, Valid RMSE: 28.9478, Valid MAPE: 0.1470, Train Time: 27.2607s/epoch, Valid Time: 3.1677s, LR: 1.0000e-03
2024-12-04 14:00:35,784 - Val loss decrease from inf to 18.2598
2024-12-04 14:01:04,695 - Epoch: 002, Train Loss: 18.6217, Train RMSE: 29.1162, Train MAPE: 0.1427, Valid Loss: 17.4179, Valid RMSE: 27.6578, Valid MAPE: 0.1312, Train Time: 25.8008s/epoch, Valid Time: 3.1094s, LR: 1.0000e-03
2024-12-04 14:01:04,712 - Val loss decrease from 18.2598 to 17.4179
2024-12-04 14:01:34,683 - Epoch: 003, Train Loss: 17.3977, Train RMSE: 27.5381, Train MAPE: 0.1299, Valid Loss: 16.3795, Valid RMSE: 26.2286, Valid MAPE: 0.1213, Train Time: 26.8531s/epoch, Valid Time: 3.1172s, LR: 1.0000e-03
2024-12-04 14:01:34,700 - Val loss decrease from 17.4179 to 16.3795
2024-12-04 14:02:04,494 - Epoch: 004, Train Loss: 16.6307, Train RMSE: 26.5260, Train MAPE: 0.1218, Valid Loss: 16.1298, Valid RMSE: 25.8896, Valid MAPE: 0.1207, Train Time: 26.6723s/epoch, Valid Time: 3.1211s, LR: 1.0000e-03
2024-12-04 14:02:04,512 - Val loss decrease from 16.3795 to 16.1298
2024-12-04 14:02:34,240 - Epoch: 005, Train Loss: 16.2180, Train RMSE: 26.0098, Train MAPE: 0.1157, Valid Loss: 15.8531, Valid RMSE: 25.3771, Valid MAPE: 0.1356, Train Time: 26.6587s/epoch, Valid Time: 3.0689s, LR: 1.0000e-03
2024-12-04 14:02:34,257 - Val loss decrease from 16.1298 to 15.8531
2024-12-04 14:03:03,571 - Epoch: 006, Train Loss: 15.7836, Train RMSE: 25.4825, Train MAPE: 0.1139, Valid Loss: 15.3068, Valid RMSE: 24.9078, Valid MAPE: 0.1120, Train Time: 26.2630s/epoch, Valid Time: 3.0504s, LR: 1.0000e-03
2024-12-04 14:03:03,588 - Val loss decrease from 15.8531 to 15.3068
2024-12-04 14:03:39,827 - Epoch: 007, Train Loss: 15.3937, Train RMSE: 25.0440, Train MAPE: 0.1092, Valid Loss: 15.3864, Valid RMSE: 24.9573, Valid MAPE: 0.1139, Train Time: 30.6663s/epoch, Valid Time: 5.5729s, LR: 1.0000e-03
2024-12-04 14:04:36,386 - Epoch: 008, Train Loss: 15.2226, Train RMSE: 24.8100, Train MAPE: 0.1078, Valid Loss: 14.9604, Valid RMSE: 24.4979, Valid MAPE: 0.1086, Train Time: 50.9542s/epoch, Valid Time: 5.6040s, LR: 1.0000e-03
2024-12-04 14:04:36,404 - Val loss decrease from 15.3068 to 14.9604
2024-12-04 14:05:32,759 - Epoch: 009, Train Loss: 14.8794, Train RMSE: 24.4005, Train MAPE: 0.1043, Valid Loss: 15.0788, Valid RMSE: 24.6084, Valid MAPE: 0.1111, Train Time: 50.9414s/epoch, Valid Time: 5.4131s, LR: 1.0000e-03
2024-12-04 14:06:28,985 - Epoch: 010, Train Loss: 14.8080, Train RMSE: 24.2380, Train MAPE: 0.1051, Valid Loss: 15.3069, Valid RMSE: 24.6543, Valid MAPE: 0.1248, Train Time: 50.7947s/epoch, Valid Time: 5.4310s, LR: 1.0000e-03
2024-12-04 14:07:25,124 - Epoch: 011, Train Loss: 14.5626, Train RMSE: 23.9738, Train MAPE: 0.1016, Valid Loss: 14.5763, Valid RMSE: 24.1663, Valid MAPE: 0.1109, Train Time: 50.6640s/epoch, Valid Time: 5.4741s, LR: 1.0000e-03
2024-12-04 14:07:25,141 - Val loss decrease from 14.9604 to 14.5763
2024-12-04 14:08:36,600 - Epoch: 012, Train Loss: 14.4095, Train RMSE: 23.7623, Train MAPE: 0.1006, Valid Loss: 14.8114, Valid RMSE: 24.4318, Valid MAPE: 0.1123, Train Time: 64.1608s/epoch, Valid Time: 7.2977s, LR: 1.0000e-03
2024-12-04 14:09:54,806 - Epoch: 013, Train Loss: 14.1894, Train RMSE: 23.5016, Train MAPE: 0.0983, Valid Loss: 14.6349, Valid RMSE: 24.2740, Valid MAPE: 0.1080, Train Time: 71.0318s/epoch, Valid Time: 7.1732s, LR: 1.0000e-03
2024-12-04 14:11:12,626 - Epoch: 014, Train Loss: 14.1318, Train RMSE: 23.4105, Train MAPE: 0.0979, Valid Loss: 14.5900, Valid RMSE: 24.3398, Valid MAPE: 0.1117, Train Time: 70.5911s/epoch, Valid Time: 7.2284s, LR: 1.0000e-03
2024-12-04 14:12:30,435 - Epoch: 015, Train Loss: 13.9609, Train RMSE: 23.2098, Train MAPE: 0.0965, Valid Loss: 14.5509, Valid RMSE: 24.2745, Valid MAPE: 0.1132, Train Time: 70.5816s/epoch, Valid Time: 7.2273s, LR: 1.0000e-03
2024-12-04 14:12:30,453 - Val loss decrease from 14.5763 to 14.5509
2024-12-04 14:13:48,217 - Epoch: 016, Train Loss: 13.8494, Train RMSE: 23.0678, Train MAPE: 0.0963, Valid Loss: 14.2374, Valid RMSE: 24.0451, Valid MAPE: 0.1107, Train Time: 70.4520s/epoch, Valid Time: 7.3113s, LR: 1.0000e-03
2024-12-04 14:13:48,235 - Val loss decrease from 14.5509 to 14.2374
2024-12-04 14:15:06,020 - Epoch: 017, Train Loss: 13.8724, Train RMSE: 23.0273, Train MAPE: 0.0971, Valid Loss: 14.3802, Valid RMSE: 24.3435, Valid MAPE: 0.1095, Train Time: 70.4815s/epoch, Valid Time: 7.3028s, LR: 1.0000e-03
2024-12-04 14:16:23,197 - Epoch: 018, Train Loss: 13.6413, Train RMSE: 22.8334, Train MAPE: 0.0938, Valid Loss: 14.2709, Valid RMSE: 24.1551, Valid MAPE: 0.1141, Train Time: 69.8230s/epoch, Valid Time: 7.3536s, LR: 1.0000e-03
2024-12-04 14:17:41,182 - Epoch: 019, Train Loss: 13.4767, Train RMSE: 22.6613, Train MAPE: 0.0922, Valid Loss: 14.3233, Valid RMSE: 24.4410, Valid MAPE: 0.1188, Train Time: 70.6879s/epoch, Valid Time: 7.2966s, LR: 1.0000e-03
2024-12-04 14:18:59,346 - Epoch: 020, Train Loss: 13.4098, Train RMSE: 22.5431, Train MAPE: 0.0924, Valid Loss: 14.3004, Valid RMSE: 24.1734, Valid MAPE: 0.1096, Train Time: 70.8803s/epoch, Valid Time: 7.2837s, LR: 1.0000e-03
2024-12-04 14:20:17,033 - Epoch: 021, Train Loss: 13.4021, Train RMSE: 22.5119, Train MAPE: 0.0923, Valid Loss: 14.4971, Valid RMSE: 24.7009, Valid MAPE: 0.1178, Train Time: 70.3902s/epoch, Valid Time: 7.2955s, LR: 1.0000e-03
2024-12-04 14:21:34,829 - Epoch: 022, Train Loss: 13.2175, Train RMSE: 22.3348, Train MAPE: 0.0904, Valid Loss: 14.0752, Valid RMSE: 24.3220, Valid MAPE: 0.1151, Train Time: 70.5216s/epoch, Valid Time: 7.2741s, LR: 1.0000e-03
2024-12-04 14:21:34,847 - Val loss decrease from 14.2374 to 14.0752
2024-12-04 14:22:53,395 - Epoch: 023, Train Loss: 13.1709, Train RMSE: 22.2593, Train MAPE: 0.0900, Valid Loss: 14.3436, Valid RMSE: 24.1895, Valid MAPE: 0.1156, Train Time: 71.3600s/epoch, Valid Time: 7.1876s, LR: 1.0000e-03
2024-12-04 14:24:14,371 - Epoch: 024, Train Loss: 13.1029, Train RMSE: 22.1650, Train MAPE: 0.0895, Valid Loss: 14.0308, Valid RMSE: 24.3832, Valid MAPE: 0.1135, Train Time: 73.7090s/epoch, Valid Time: 7.2663s, LR: 1.0000e-03
2024-12-04 14:24:14,388 - Val loss decrease from 14.0752 to 14.0308
2024-12-04 14:25:32,518 - Epoch: 025, Train Loss: 13.0215, Train RMSE: 22.0702, Train MAPE: 0.0886, Valid Loss: 14.0793, Valid RMSE: 24.6083, Valid MAPE: 0.1180, Train Time: 70.7432s/epoch, Valid Time: 7.3856s, LR: 1.0000e-03
2024-12-04 14:26:50,444 - Epoch: 026, Train Loss: 12.4590, Train RMSE: 21.5489, Train MAPE: 0.0837, Valid Loss: 13.7131, Valid RMSE: 24.3001, Valid MAPE: 0.1127, Train Time: 70.5912s/epoch, Valid Time: 7.3344s, LR: 1.0000e-04
2024-12-04 14:26:50,463 - Val loss decrease from 14.0308 to 13.7131
2024-12-04 14:27:01,757 - Namespace(bs=32, clip_grad_value=0, clusters=12, dataset='PEMS08', device='cuda', dropout=0.1, horizon=12, input_dim=3, lrate=0.001, max_epochs=100, mode='shift', model_name='staeformer', output_dim=1, patience=30, seed=2023, seq_len=12, target='', wdecay=0.0001, years='2016')
2024-12-04 14:27:01,758 - Adj path: /data/ym/ST-OOD-main/data/PEMS08/adj.npy
2024-12-04 14:27:02,058 - Data shape: (35712, 170, 3)
2024-12-04 14:27:02,320 - Sample num: 10706, Batch num: 334
2024-12-04 14:27:02,522 - Sample num: 3569, Batch num: 111
2024-12-04 14:27:02,701 - Sample num: 3569, Batch num: 111
2024-12-04 14:27:02,981 - Sample num: 3569, Batch num: 111
2024-12-04 14:27:03,677 - The number of parameters: 1247964
2024-12-04 14:27:13,442 - Horizon 1, Test MAE: 11.8259, Test RMSE: 19.5489, Test MAPE: 0.0772
2024-12-04 14:27:13,452 - Horizon 2, Test MAE: 12.2688, Test RMSE: 20.6462, Test MAPE: 0.0800
2024-12-04 14:27:13,460 - Horizon 3, Test MAE: 12.6751, Test RMSE: 21.5632, Test MAPE: 0.0822
2024-12-04 14:27:13,468 - Horizon 4, Test MAE: 13.0204, Test RMSE: 22.3309, Test MAPE: 0.0846
2024-12-04 14:27:13,476 - Horizon 5, Test MAE: 13.3270, Test RMSE: 22.9871, Test MAPE: 0.0865
2024-12-04 14:27:13,484 - Horizon 6, Test MAE: 13.5985, Test RMSE: 23.5373, Test MAPE: 0.0881
2024-12-04 14:27:13,492 - Horizon 7, Test MAE: 13.8631, Test RMSE: 24.0605, Test MAPE: 0.0899
2024-12-04 14:27:13,500 - Horizon 8, Test MAE: 14.0998, Test RMSE: 24.5158, Test MAPE: 0.0915
2024-12-04 14:27:13,508 - Horizon 9, Test MAE: 14.3142, Test RMSE: 24.9019, Test MAPE: 0.0930
2024-12-04 14:27:13,516 - Horizon 10, Test MAE: 14.5152, Test RMSE: 25.2109, Test MAPE: 0.0946
2024-12-04 14:27:13,524 - Horizon 11, Test MAE: 14.7436, Test RMSE: 25.5084, Test MAPE: 0.0962
2024-12-04 14:27:13,532 - Horizon 12, Test MAE: 15.0200, Test RMSE: 25.8458, Test MAPE: 0.0981
2024-12-04 14:27:13,532 - Average Test MAE: 13.6059, Test RMSE: 23.3881, Test MAPE: 0.0885
2024-12-04 14:27:22,865 - Horizon 1, Test MAE: 17.8625, Test RMSE: 27.6161, Test MAPE: 0.1726
2024-12-04 14:27:22,875 - Horizon 2, Test MAE: 20.3646, Test RMSE: 31.7890, Test MAPE: 0.2093
2024-12-04 14:27:22,883 - Horizon 3, Test MAE: 22.5006, Test RMSE: 35.2649, Test MAPE: 0.2396
2024-12-04 14:27:22,890 - Horizon 4, Test MAE: 24.3948, Test RMSE: 38.3044, Test MAPE: 0.2691
2024-12-04 14:27:22,898 - Horizon 5, Test MAE: 26.1076, Test RMSE: 40.9638, Test MAPE: 0.2984
2024-12-04 14:27:22,906 - Horizon 6, Test MAE: 27.7848, Test RMSE: 43.4612, Test MAPE: 0.3211
2024-12-04 14:27:22,914 - Horizon 7, Test MAE: 29.2799, Test RMSE: 45.6789, Test MAPE: 0.3433
2024-12-04 14:27:22,922 - Horizon 8, Test MAE: 30.7476, Test RMSE: 47.8309, Test MAPE: 0.3665
2024-12-04 14:27:22,930 - Horizon 9, Test MAE: 32.2250, Test RMSE: 49.9496, Test MAPE: 0.3882
2024-12-04 14:27:22,937 - Horizon 10, Test MAE: 33.6326, Test RMSE: 51.8568, Test MAPE: 0.4096
2024-12-04 14:27:22,945 - Horizon 11, Test MAE: 34.9756, Test RMSE: 53.7347, Test MAPE: 0.4306
2024-12-04 14:27:22,953 - Horizon 12, Test MAE: 36.5280, Test RMSE: 55.8758, Test MAPE: 0.4534
2024-12-04 14:27:22,953 - Average Test MAE: 28.0336, Test RMSE: 43.5272, Test MAPE: 0.3251
